<?xml version="1.0" encoding="UTF-8"?>
<!-- Generated by org.testng.reporters.JUnitReportReporter -->
<testsuite ignored="0" hostname="Manul-W" failures="0" tests="1" name="com.experitest.auto.AndroidDemoTest" time="64.104" errors="0" timestamp="08 Jun 2021 21:31:31 GMT" skipped="0">
  <testcase classname="com.experitest.auto.AndroidDemoTest" name="signin" time="64.104"/>
</testsuite> <!-- com.experitest.auto.AndroidDemoTest -->
