<?xml version="1.0" encoding="UTF-8"?>
<!-- Generated by org.testng.reporters.JUnitReportReporter -->
<testsuite ignored="0" hostname="Manul-W" failures="0" tests="1" name="com.experitest.auto.AndroidDemoTest" time="38.017" errors="0" timestamp="08 Jun 2021 17:11:55 GMT" skipped="0">
  <testcase classname="com.experitest.auto.AndroidDemoTest" name="test" time="38.017"/>
</testsuite> <!-- com.experitest.auto.AndroidDemoTest -->
